running egg_info
creating ../../build/turtle_draw_pkg/turtle_draw_pkg.egg-info
writing ../../build/turtle_draw_pkg/turtle_draw_pkg.egg-info/PKG-INFO
writing dependency_links to ../../build/turtle_draw_pkg/turtle_draw_pkg.egg-info/dependency_links.txt
writing entry points to ../../build/turtle_draw_pkg/turtle_draw_pkg.egg-info/entry_points.txt
writing requirements to ../../build/turtle_draw_pkg/turtle_draw_pkg.egg-info/requires.txt
writing top-level names to ../../build/turtle_draw_pkg/turtle_draw_pkg.egg-info/top_level.txt
writing manifest file '../../build/turtle_draw_pkg/turtle_draw_pkg.egg-info/SOURCES.txt'
reading manifest file '../../build/turtle_draw_pkg/turtle_draw_pkg.egg-info/SOURCES.txt'
writing manifest file '../../build/turtle_draw_pkg/turtle_draw_pkg.egg-info/SOURCES.txt'
running build
running build_py
creating /home/vboxuser/ROS-VC/build/turtle_draw_pkg/build
creating /home/vboxuser/ROS-VC/build/turtle_draw_pkg/build/lib
creating /home/vboxuser/ROS-VC/build/turtle_draw_pkg/build/lib/turtle_draw_pkg
copying turtle_draw_pkg/turtle_draw.py -> /home/vboxuser/ROS-VC/build/turtle_draw_pkg/build/lib/turtle_draw_pkg
copying turtle_draw_pkg/__init__.py -> /home/vboxuser/ROS-VC/build/turtle_draw_pkg/build/lib/turtle_draw_pkg
running install
running install_lib
creating /home/vboxuser/ROS-VC/install/turtle_draw_pkg/lib/python3.12/site-packages/turtle_draw_pkg
copying /home/vboxuser/ROS-VC/build/turtle_draw_pkg/build/lib/turtle_draw_pkg/turtle_draw.py -> /home/vboxuser/ROS-VC/install/turtle_draw_pkg/lib/python3.12/site-packages/turtle_draw_pkg
copying /home/vboxuser/ROS-VC/build/turtle_draw_pkg/build/lib/turtle_draw_pkg/__init__.py -> /home/vboxuser/ROS-VC/install/turtle_draw_pkg/lib/python3.12/site-packages/turtle_draw_pkg
byte-compiling /home/vboxuser/ROS-VC/install/turtle_draw_pkg/lib/python3.12/site-packages/turtle_draw_pkg/turtle_draw.py to turtle_draw.cpython-312.pyc
byte-compiling /home/vboxuser/ROS-VC/install/turtle_draw_pkg/lib/python3.12/site-packages/turtle_draw_pkg/__init__.py to __init__.cpython-312.pyc
running install_data
creating /home/vboxuser/ROS-VC/install/turtle_draw_pkg/share/ament_index
creating /home/vboxuser/ROS-VC/install/turtle_draw_pkg/share/ament_index/resource_index
creating /home/vboxuser/ROS-VC/install/turtle_draw_pkg/share/ament_index/resource_index/packages
copying resource/turtle_draw_pkg -> /home/vboxuser/ROS-VC/install/turtle_draw_pkg/share/ament_index/resource_index/packages
copying package.xml -> /home/vboxuser/ROS-VC/install/turtle_draw_pkg/share/turtle_draw_pkg
creating /home/vboxuser/ROS-VC/install/turtle_draw_pkg/share/turtle_draw_pkg/resources
copying resources/dog.jpg -> /home/vboxuser/ROS-VC/install/turtle_draw_pkg/share/turtle_draw_pkg/resources
running install_egg_info
Copying ../../build/turtle_draw_pkg/turtle_draw_pkg.egg-info to /home/vboxuser/ROS-VC/install/turtle_draw_pkg/lib/python3.12/site-packages/turtle_draw_pkg-0.1.0-py3.12.egg-info
running install_scripts
Installing turtle_draw script to /home/vboxuser/ROS-VC/install/turtle_draw_pkg/lib/turtle_draw_pkg
writing list of installed files to '/home/vboxuser/ROS-VC/build/turtle_draw_pkg/install.log'
