running egg_info
writing ../../build/turtle_draw_pkg/turtle_draw_pkg.egg-info/PKG-INFO
writing dependency_links to ../../build/turtle_draw_pkg/turtle_draw_pkg.egg-info/dependency_links.txt
writing entry points to ../../build/turtle_draw_pkg/turtle_draw_pkg.egg-info/entry_points.txt
writing requirements to ../../build/turtle_draw_pkg/turtle_draw_pkg.egg-info/requires.txt
writing top-level names to ../../build/turtle_draw_pkg/turtle_draw_pkg.egg-info/top_level.txt
reading manifest file '../../build/turtle_draw_pkg/turtle_draw_pkg.egg-info/SOURCES.txt'
writing manifest file '../../build/turtle_draw_pkg/turtle_draw_pkg.egg-info/SOURCES.txt'
running build
running build_py
copying turtle_draw_pkg/turtle_draw.py -> /home/vboxuser/ROS-VC/build/turtle_draw_pkg/build/lib/turtle_draw_pkg
running install
running install_lib
copying /home/vboxuser/ROS-VC/build/turtle_draw_pkg/build/lib/turtle_draw_pkg/turtle_draw.py -> /home/vboxuser/ROS-VC/install/turtle_draw_pkg/lib/python3.12/site-packages/turtle_draw_pkg
byte-compiling /home/vboxuser/ROS-VC/install/turtle_draw_pkg/lib/python3.12/site-packages/turtle_draw_pkg/turtle_draw.py to turtle_draw.cpython-312.pyc
running install_data
running install_egg_info
removing '/home/vboxuser/ROS-VC/install/turtle_draw_pkg/lib/python3.12/site-packages/turtle_draw_pkg-0.1.0-py3.12.egg-info' (and everything under it)
Copying ../../build/turtle_draw_pkg/turtle_draw_pkg.egg-info to /home/vboxuser/ROS-VC/install/turtle_draw_pkg/lib/python3.12/site-packages/turtle_draw_pkg-0.1.0-py3.12.egg-info
running install_scripts
Installing turtle_draw script to /home/vboxuser/ROS-VC/install/turtle_draw_pkg/lib/turtle_draw_pkg
writing list of installed files to '/home/vboxuser/ROS-VC/build/turtle_draw_pkg/install.log'
